<?xml version="1.0" encoding="UTF-8"?>
<!-- Generated by org.testng.reporters.JUnitXMLReporter -->
<testsuite ignored="1" hostname="Bhargavi" failures="0" tests="1" name="ErrorValidation" time="4.576" errors="0" timestamp="2024-09-06T13:09:36 IST">
  <testcase classname="rahulshettyacademy.SeleniumFrameworkDgn.ErrorValidation" name="standAloneTest1" time="0.552"/>
  <testcase classname="rahulshettyacademy.SeleniumFrameworkDgn.ErrorValidation" name="productErrorValidation" time="0.0">
    <ignored/>
  </testcase> <!-- productErrorValidation -->
</testsuite> <!-- ErrorValidation -->
