<?xml version="1.0" encoding="UTF-8"?>
<!-- Generated by org.testng.reporters.JUnitXMLReporter -->
<testsuite ignored="2" hostname="Bhargavi" failures="0" tests="0" time="0.011" errors="0" timestamp="2024-09-06T13:09:31 IST">
  <testcase classname="rahulshettyacademy.SeleniumFrameworkDgn.standAlonetest2" name="submitOrder" time="0.0">
    <ignored/>
  </testcase> <!-- submitOrder -->
  <testcase classname="rahulshettyacademy.SeleniumFrameworkDgn.standAlonetest2" name="OrderHistoryTest" time="0.0">
    <ignored/>
  </testcase> <!-- OrderHistoryTest -->
</testsuite>
