<?xml version="1.0" encoding="UTF-8"?>
<!-- Generated by org.testng.reporters.JUnitXMLReporter -->
<testsuite ignored="0" hostname="Bhargavi" failures="0" tests="2" name="ErrorValidation" time="11.188" errors="0" timestamp="2024-09-08T11:56:27 IST">
  <testcase classname="rahulshettyacademy.SeleniumFrameworkDgn.ErrorValidation" name="productErrorValidation" time="5.232"/>
  <testcase classname="rahulshettyacademy.SeleniumFrameworkDgn.ErrorValidation" name="standAloneTest1" time="0.522"/>
</testsuite> <!-- ErrorValidation -->
