<?xml version="1.0" encoding="UTF-8"?>
<!-- Generated by org.testng.reporters.JUnitXMLReporter -->
<testsuite ignored="0" hostname="Bhargavi" failures="0" tests="3" name="SubmitOrder" time="22.855" errors="0" timestamp="2024-09-08T11:56:16 IST">
  <testcase classname="rahulshettyacademy.SeleniumFrameworkDgn.standAlonetest2" name="submitOrder" time="3.855"/>
  <testcase classname="rahulshettyacademy.SeleniumFrameworkDgn.standAlonetest2" name="submitOrder" time="4.112"/>
  <testcase classname="rahulshettyacademy.SeleniumFrameworkDgn.standAlonetest2" name="OrderHistoryTest" time="0.723"/>
</testsuite> <!-- SubmitOrder -->
